<?xml version="1.0" encoding="UTF-8"?>
<!-- Generated by org.testng.reporters.JUnitXMLReporter -->
<testsuite hostname="DESKTOP-SKO4EKV" ignored="0" name="Test" tests="4" failures="4" timestamp="16 May 2019 09:59:00 GMT" time="9.892" errors="0">
  <testcase name="loginApp" time="0.006" classname="testcases.Guru99TestCase1">
    <failure type="java.lang.NullPointerException">
      <![CDATA[java.lang.NullPointerException
at commonLib.CommonMethod.verifyPageTitle(CommonMethod.java:172)
at pages.Guru99LoginPage.verifyLoginPageTitle(Guru99LoginPage.java:28)
at pages.Guru99LoginPage.loginToGuru99Bank(Guru99LoginPage.java:55)
at testcases.Guru99TestCase1.loginApp(Guru99TestCase1.java:48)
... Removed 25 stack frames]]>
    </failure>
  </testcase> <!-- loginApp -->
  <testcase name="createNewCustomer" time="0.005" classname="testcases.Guru99TestCase1">
    <failure type="java.lang.NullPointerException">
      <![CDATA[java.lang.NullPointerException
at testcases.Guru99TestCase1.createNewCustomer(Guru99TestCase1.java:55)
... Removed 25 stack frames]]>
    </failure>
  </testcase> <!-- createNewCustomer -->
  <testcase name="editCustomer" time="0.002" classname="testcases.Guru99TestCase1">
    <failure type="java.lang.NullPointerException">
      <![CDATA[java.lang.NullPointerException
at testcases.Guru99TestCase1.editCustomer(Guru99TestCase1.java:65)
... Removed 25 stack frames]]>
    </failure>
  </testcase> <!-- editCustomer -->
  <testcase name="deleteCustomer" time="0.002" classname="testcases.Guru99TestCase1">
    <failure type="java.lang.NullPointerException">
      <![CDATA[java.lang.NullPointerException
at testcases.Guru99TestCase1.deleteCustomer(Guru99TestCase1.java:74)
... Removed 25 stack frames]]>
    </failure>
  </testcase> <!-- deleteCustomer -->
</testsuite> <!-- Test -->
