<?xml version="1.0" encoding="UTF-8"?>
<!-- Generated by org.testng.reporters.JUnitXMLReporter -->
<testsuite hostname="DESKTOP-HBBK8TH" ignored="0" name="Default test" tests="3" failures="0" timestamp="17 Aug 2019 03:22:58 GMT" time="0.133" errors="0">
  <testcase name="test1" time="0.036" classname="testcases.CheckGitCommit"/>
  <testcase name="test2" time="0.012" classname="testcases.CheckGitCommit"/>
  <testcase name="test3" time="0.012" classname="testcases.CheckGitCommit"/>
</testsuite> <!-- Default test -->
